Scanning folders...
Found 230 dictionaries to process.
SUCCESS: TMW Club v2 (1924 entries)
SUCCESS: [画像付き] 絵でわかる日本語 (1390 entries)
SUCCESS: TENKANJI (3463 entries)
SUCCESS: sukkiri.jp (4024 entries)
SUCCESS: 違い・語源辞典オンライン (4186 entries)
SUCCESS: ことわざ・慣用句の百科事典 (7136 entries)
SUCCESS: ウェブ検索 (266595 entries)
SUCCESS: 和仏辞典オフライン (267592 entries)
SUCCESS: JA Wikipedia [2022-12-01] (v1.6.1) (1279999 entries)
SUCCESS: デジタル大辞泉 (527290 entries)
SUCCESS: 明鏡国語辞典　第二版 (73068 entries)
SUCCESS: Pixiv Light [2026-04-06] (710819 entries)
SUCCESS: 全国方言辞典 (3738 entries)
SUCCESS: 四字熟語データバンク (3442 entries)
SUCCESS: ネット用語辞典「ネット王子」 (6049 entries)
SUCCESS: 語彙力・熟語の百科事典 (11909 entries)
SUCCESS: Weblio大阪弁 (2388 entries)
SUCCESS: 用例.jp (20932 entries)
SUCCESS: 福島みんなの四字熟語・故事成語 (5142 entries)
SUCCESS: IMIDASの日本語辞典 (6591 entries)
SUCCESS: ポケモン図鑑 (1252 entries)
SUCCESS: 絵でわかる慣用句 (1093 entries)
SUCCESS: ネット用語辞典「ネット王子」 (6049 entries)
SUCCESS: 擬音語・擬態語辞典 (1967 entries)
SUCCESS: ことわざ・慣用句の百科事典 (7136 entries)
SUCCESS: 使い方の分かる 類語例解辞典 (17350 entries)
SUCCESS: 四字熟語の百科事典 (5455 entries)
SUCCESS: 複合語起源 (222 entries)
SUCCESS: 語彙力・熟語の百科事典 (11909 entries)
SUCCESS: 四字熟語辞典オンライン (7782 entries)
SUCCESS: 現代新国語辞典 第七版 (82620 entries)
SUCCESS: 故事・ことわざ・慣用句オンライン (8513 entries)
SUCCESS: 漢字ペディア同訓異義 (966 entries)
SUCCESS: 青空文庫熟語 (0 entries)
SUCCESS: 新語時事用語辞典 (18294 entries)
SUCCESS: Living Japanese Slang Dictionary (Scripting Japan) (636 entries)
SUCCESS: 新明解国語辞典　第八版 (100593 entries)
SUCCESS: ZH Wiktionary Hanzi (0 entries)
SUCCESS: 大辞林　第四版 (334751 entries)
SUCCESS: CC-CEDICT [2026-05-07] (202711 entries)
SUCCESS: jpDicts (206k) (0 entries)
SUCCESS: 三省堂国語辞典　第八版 (93091 entries)
SUCCESS: ネット用語辞典「ネット王子」 (5792 entries)
SUCCESS: JLPT文法解説まとめ (628 entries)
SUCCESS: KO字源 (73403 entries)
SUCCESS: Jiten (0 entries)
SUCCESS: 明鏡国語辞典 第三版 (108389 entries)
SUCCESS: どんなときどう使う 日本語表現文型辞典 (1082 entries)
SUCCESS: mozc Kanji Variants (0 entries)
SUCCESS: Living Japanese Slang Dictionary (Scripting Japan) (636 entries)
SUCCESS: 擬音語・擬態語辞典 (1967 entries)
SUCCESS: jitai (0 entries)
SUCCESS: TheKanjiMap Kanji Radicals/Composition (0 entries)
SUCCESS: 用例.jp (20932 entries)
SUCCESS: 福日木健二字熟語 (2306 entries)
SUCCESS: 大辞泉 第二版 (636276 entries)
SUCCESS: Bunpro Dictionary (913 entries)
SUCCESS: TISMKANJI (46211 entries)
SUCCESS: 有斐閣法律用語辞典 第５版 (14711 entries)
SUCCESS: 三省堂 全訳読解古語辞典 (76775 entries)
SUCCESS: 対義語辞典オンライン (13965 entries)
SUCCESS: 毎日のんびり日本語教師 (1479 entries)
SUCCESS: surasura 擬声語 (1422 entries)
SUCCESS: 複合語起源 (222 entries)
SUCCESS: JP Wikipedia Proper Nouns (10036 entries)
SUCCESS: 日本語文法辞典(全集) (535 entries)
SUCCESS: 有斐閣現代心理学辞典 (10223 entries)
SUCCESS: YOJI-JUKUGO (4017 entries)
SUCCESS: 絵でわかる慣用句 [2024-06-30] (882 entries)
SUCCESS: NHK日本語発音アクセント新辞典 (75992 entries)
SUCCESS: JPDBv2㋕ (0 entries)
SUCCESS: KANJIDIC [2026-126] (0 entries)
SUCCESS: 数え方辞典オンライン (1312 entries)
SUCCESS: BLCUnews (0 entries)
SUCCESS: Guangyun (0 entries)
SUCCESS: BLCUcoll (0 entries)
SUCCESS: SUBTLEX-CH (0 entries)
SUCCESS: 康熙字典 (46836 entries)
SUCCESS: 文言頻率詞典 (0 entries)
SUCCESS: Wenlin ABC (207289 entries)
SUCCESS: 漢語大詞典 (550544 entries)
SUCCESS: CC-CEDICT Hanzi [2026-05-06] (0 entries)
SUCCESS: 譯典通英漢雙向字典 (30973 entries)
SUCCESS: ZH Wiktionary Hanzi (0 entries)
SUCCESS: 辭源 (91538 entries)
SUCCESS: 兩岸詞典 (163091 entries)
SUCCESS: ZH Wikipedia [2022-12-01] (1249877 entries)
SUCCESS: Wunan (59935 entries)
SUCCESS: 白水社中国語辞典 (63858 entries)
SUCCESS: 现代汉语词典（第7版） (77131 entries)
SUCCESS: 500idioms (869 entries)
SUCCESS: BLCUsci (0 entries)
SUCCESS: CrossStraits (163091 entries)
SUCCESS: HSK (0 entries)
SUCCESS: EDHCC (0 entries)
SUCCESS: cc_vogelsang (1774 entries)
SUCCESS: Oxford (74663 entries)
SUCCESS: 牛津英汉汉英词典 (74663 entries)
SUCCESS: oxford-zh-en (78677 entries)
SUCCESS: Sinica (0 entries)
SUCCESS: DrEye (30973 entries)
SUCCESS: Tuttle Learner's C-E (3643 entries)
SUCCESS: 國語辭典簡編本 拼音 (71791 entries)
SUCCESS: BLCUlit (0 entries)
SUCCESS: 古漢語常用字字典 (7239 entries)
SUCCESS: XiandaiGuifan (72841 entries)
SUCCESS: BLCUmixed (0 entries)
SUCCESS: Kroll (9762 entries)
SUCCESS: 中日大辞典　第二版 (146381 entries)
SUCCESS: Cifu Written (0 entries)
SUCCESS: CC-CEDICT Canto [2026-05-06] (167828 entries)
SUCCESS: Words.hk Frequency (0 entries)
SUCCESS: Words.hk 粵典 漢字 [2026-05-06] (0 entries)
SUCCESS: CC-Canto [2017-02-02] (52447 entries)
SUCCESS: Words.hk 粵典 [2026-05-06] (60790 entries)
SUCCESS: Canto CEDICT (105347 entries)
SUCCESS: Cifu Spoken (0 entries)
SUCCESS: CE Wiktionary (142685 entries)
SUCCESS: CantoDict (86570 entries)
SUCCESS: 新和英 (152202 entries)
SUCCESS: 大辞泉 第二版 (636276 entries)
SUCCESS: CC100 (0 entries)
SUCCESS: 実用日本語表現辞典 (55379 entries)
SUCCESS: JPDBv2㋕ (0 entries)
SUCCESS: 日本語文法辞典(全集) (535 entries)
SUCCESS: Jiten (0 entries)
SUCCESS: BCCWJ (0 entries)
SUCCESS: JPDB Kanji (0 entries)
SUCCESS: 使い方の分かる 類語例解辞典 (17350 entries)
SUCCESS: KANJIDIC [2026-123] (0 entries)
SUCCESS: 形容詞・動詞図鑑 (3262 entries)
SUCCESS: 全市区町村辞典 (2307 entries)
SUCCESS: きっずジャポニカ 新版 (15371 entries)
SUCCESS: コトバの意味辞典 (5354 entries)
SUCCESS: 四字熟語の百科事典 (5455 entries)
SUCCESS: OnoMangaStrip (4487 entries)
SUCCESS: ポケットプログレッシブ仏和・和仏辞典 第3版 (63001 entries)
SUCCESS: 熟語図鑑 (3545 entries)
SUCCESS: surasura 擬声語 (1422 entries)
SUCCESS: 漢検漢字辞典　第二版 (51590 entries)
SUCCESS: 複合語起源 (222 entries)
SUCCESS: 现代汉语规范词典 (72841 entries)
SUCCESS: 萌典 (164269 entries)
SUCCESS: 牛津英汉汉英词典 (74663 entries)
SUCCESS: 萌典 (164269 entries)
SUCCESS: 五南國語活用辭典 pinyin (59935 entries)
SUCCESS: 五南國語活用辭典 bopomofo (60066 entries)
SUCCESS: 譯典通英漢雙向字典 (30973 entries)
SUCCESS: 五南國語活用辭典 (59935 entries)
SUCCESS: 大辞林　第四版 (334751 entries)
SUCCESS: 実用日本語表現辞典 (55379 entries)
SUCCESS: 新明解国語辞典　第八版 (100593 entries)
SUCCESS: 広辞苑 第七版 (257602 entries)
FAILED: JA Wikipedia [2022-12-01] (v1.4.0) - database or disk is full
SUCCESS: 精選版　日本国語大辞典 (286365 entries)
SUCCESS: 漢検漢字辞典　第二版 (51590 entries)
SUCCESS: 旺文社漢字典 第四版 (111853 entries)
SUCCESS: 新明解国語辞典　第八版 (102136 entries)
SUCCESS: 字通 (131794 entries)
SUCCESS: 素材辞典 (11309 entries)
SUCCESS: TMW Club v2 (1924 entries)
SUCCESS: 大辞林　第四版 (334751 entries)
SUCCESS: 岩波国語辞典　第八版 (76625 entries)
SUCCESS: 三省堂国語辞典　第八版 (93091 entries)
SUCCESS: Pixiv Light [2026-05-07] (710819 entries)
SUCCESS: JMnedict [2026-05-06] (667492 entries)
SUCCESS: 旺文社国語辞典 第十二版 (139385 entries)
SUCCESS: Jitendex.org [2026-05-05] (430822 entries)
SUCCESS: NEW斎藤和英大辞典 (47504 entries)
SUCCESS: 新選国語辞典　第十版 (118331 entries)
SUCCESS: DaCidian (550544 entries)
SUCCESS: JMnedict [2026-05-06] (667492 entries)
SUCCESS: Jitendex.org [2026-05-05] (430822 entries)
SUCCESS: Pixiv Light [2026-05-06] (710819 entries)
SUCCESS: 漢検漢字辞典　第二版 (51590 entries)
SUCCESS: BCCWJ (0 entries)
SUCCESS: 漢字源 (48085 entries)
SUCCESS: weblio古語辞典 (47958 entries)
SUCCESS: Wikipedia Kanji (0 entries)
SUCCESS: Innocent Ranked (0 entries)
SUCCESS: 全国方言辞典 (3738 entries)
SUCCESS: ことわざ・慣用句の百科事典 (7135 entries)
SUCCESS: 使い方の分かる 類語例解辞典 (17350 entries)
SUCCESS: 故事ことわざの辞典 (15577 entries)
SUCCESS: Wiktionary漢字 (0 entries)
SUCCESS: きっずジャポニカ 新版 (15371 entries)
SUCCESS: Wikipedia (0 entries)
SUCCESS: 漢字辞典オンライン (0 entries)
SUCCESS: 絵でわかる日本語 (1248 entries)
SUCCESS: 形容詞・動詞のイラスト素材辞典 (3262 entries)
SUCCESS: 全市区町村辞典 [2024-04-30] (2307 entries)
SUCCESS: ポケモン図鑑 (1252 entries)
SUCCESS: [画像付き] 絵でわかる日本語 (1397 entries)
SUCCESS: 四字熟語の百科事典 (5451 entries)
SUCCESS: JPDB Kanji (0 entries)
SUCCESS: 青空文庫漢字 (0 entries)
SUCCESS: Onomatoproject (266 entries)
SUCCESS: 日本語俗語辞書 (4354 entries)
SUCCESS: 新語時事用語辞典 (18294 entries)
SUCCESS: 新明解四字熟語辞典 (4194 entries)
SUCCESS: 類語辞典オンライン (12151 entries)
SUCCESS: 南山堂医学大辞典 第20版 (39087 entries)
SUCCESS: 語源由来辞典 (2795 entries)
SUCCESS: 旺文社 全訳古語辞典 (79435 entries)
SUCCESS: 国語辞典オンライン (44970 entries)
SUCCESS: 漢字でGo! [2024-03-09] (8027 entries)
SUCCESS: 青空文庫熟語 (0 entries)
SUCCESS: 実用日本語表現辞典 (55379 entries)
SUCCESS: 四字熟語辞典オンライン (7782 entries)
SUCCESS: 角川新字源 改訂新版 (83542 entries)
SUCCESS: 故事・ことわざ・慣用句オンライン (8513 entries)
SUCCESS: 漢字林 (46210 entries)
SUCCESS: Babylon Japanese-English (212882 entries)
SUCCESS: 現代国語例解辞典　第五版 (86213 entries)
SUCCESS: CC100 (0 entries)
SUCCESS: Youtube (0 entries)
SUCCESS: Novels (0 entries)
SUCCESS: JPDB Kanji Freq (0 entries)
SUCCESS: 小学館例解学習国語 第十二版 (48523 entries)
SUCCESS: 学研 四字熟語辞典 (5484 entries)
SUCCESS: 新和英 (152202 entries)
SUCCESS: 語彙力・二字熟語の百科事典 (5120 entries)
SUCCESS: Innocent Corpus Kanji (0 entries)
SUCCESS: 全訳漢辞海 (60839 entries)
SUCCESS: MoEdict (266956 entries)
SUCCESS: 小学館中日辞典 第3版 (150390 entries)
SUCCESS: 五南國語活用辭典 (59935 entries)
SUCCESS: 萌典 (164269 entries)
SUCCESS: CC-CEDICT Canto [2026-05-06] (167828 entries)
SUCCESS: 小学館例解学習国語 第十二版 (48523 entries)
All tasks finished.
